#
# There is insufficient memory for the Java Runtime Environment to continue.
# Native memory allocation (mmap) failed to map 268435456 bytes for G1 virtual space
# Possible reasons:
#   The system is out of physical RAM or swap space
#   The process is running with CompressedOops enabled, and the Java Heap may be blocking the growth of the native heap
# Possible solutions:
#   Reduce memory load on the system
#   Increase physical memory or swap space
#   Check if swap backing store is full
#   Decrease Java heap size (-Xmx/-Xms)
#   Decrease number of Java threads
#   Decrease Java thread stack sizes (-Xss)
#   Set larger code cache with -XX:ReservedCodeCacheSize=
#   JVM is running with Zero Based Compressed Oops mode in which the Java heap is
#     placed in the first 32GB address space. The Java Heap base address is the
#     maximum limit for the native heap growth. Please use -XX:HeapBaseMinAddress
#     to set the Java Heap base and to place the Java Heap above 32GB virtual address.
# This output file may be truncated or incomplete.
#
#  Out of Memory Error (os_windows.cpp:3530), pid=30712, tid=30492
#
# JRE version:  (18.0.2+9) (build )
# Java VM: Java HotSpot(TM) 64-Bit Server VM (18.0.2+9-61, mixed mode, sharing, tiered, compressed oops, compressed class ptrs, g1 gc, windows-amd64)
# No core dump will be written. Minidumps are not enabled by default on client versions of Windows
#

---------------  S U M M A R Y ------------

Command Line: -Dfile.encoding=UTF-8 -XX:+ShowCodeDetailsInExceptionMessages MutipleGame

Host: Intel(R) Core(TM) i5-10400 CPU @ 2.90GHz, 12 cores, 15G,  Windows 10 , 64 bit Build 19041 (10.0.19041.1889)
Time: Sun Aug 28 20:59:19 2022  Windows 10 , 64 bit Build 19041 (10.0.19041.1889) elapsed time: 0.013972 seconds (0d 0h 0m 0s)

---------------  T H R E A D  ---------------

Current thread (0x00000275cacae690):  JavaThread "Unknown thread" [_thread_in_vm, id=30492, stack(0x000000a704900000,0x000000a704a00000)]

Stack: [0x000000a704900000,0x000000a704a00000]
Native frames: (J=compiled Java code, j=interpreted, Vv=VM code, C=native code)
V  [jvm.dll+0x6993ca]
V  [jvm.dll+0x7f481d]
V  [jvm.dll+0x7f612e]
V  [jvm.dll+0x7f67e3]
V  [jvm.dll+0x25cdaf]
V  [jvm.dll+0x696319]
V  [jvm.dll+0x68ae4a]
V  [jvm.dll+0x3223eb]
V  [jvm.dll+0x329dc6]
V  [jvm.dll+0x37eade]
V  [jvm.dll+0x37ed0f]
V  [jvm.dll+0x2fa16a]
V  [jvm.dll+0x2fb1cd]
V  [jvm.dll+0x7c3450]
V  [jvm.dll+0x38be61]
V  [jvm.dll+0x7a2073]
V  [jvm.dll+0x40dc3f]
V  [jvm.dll+0x40f611]
C  [jli.dll+0x526b]
C  [ucrtbase.dll+0x21bb2]
C  [KERNEL32.DLL+0x17034]
C  [ntdll.dll+0x52651]


---------------  P R O C E S S  ---------------

Threads class SMR info:
_java_thread_list=0x00007ffad6bee550, length=0, elements={
}

Java Threads: ( => current thread )

Other Threads:
  0x00000275cad1f270 WorkerThread "GC Thread#0" [stack: 0x000000a704a00000,0x000000a704b00000] [id=30640]
  0x00000275cad31770 ConcurrentGCThread "G1 Main Marker" [stack: 0x000000a704b00000,0x000000a704c00000] [id=13496]
  0x00000275cad33080 WorkerThread "G1 Conc#0" [stack: 0x000000a704c00000,0x000000a704d00000] [id=12140]

[error occurred during error reporting (printing all threads), id 0xc0000005, EXCEPTION_ACCESS_VIOLATION (0xc0000005) at pc=0x00007ffad641a707]

VM state: not at safepoint (not fully initialized)

VM Mutex/Monitor currently owned by a thread:  ([mutex/lock_event])
[0x00000275cacaa840] Heap_lock - owner thread: 0x00000275cacae690

Heap address: 0x0000000700e00000, size: 4082 MB, Compressed Oops mode: Zero based, Oop shift amount: 3

CDS archive(s) mapped at: [0x0000000000000000-0x0000000000000000-0x0000000000000000), size 0, SharedBaseAddress: 0x0000000800000000, ArchiveRelocationMode: 0.
Narrow klass base: 0x0000000000000000, Narrow klass shift: 0, Narrow klass range: 0x0

GC Precious Log:
 CardTable entry size: 512
 Card Set container configuration: InlinePtr #cards 4 size 8 Array Of Cards #cards 16 size 48 Howl #buckets 8 coarsen threshold 3686 Howl Bitmap #cards 512 size 80 coarsen threshold 460 Card regions per heap region 1 cards per card region 4096

Heap:
 garbage-first heap   total 0K, used 0K [0x0000000700e00000, 0x0000000800000000)
  region size 2048K, 0 young (0K), 0 survivors (0K)

[error occurred during error reporting (printing heap information), id 0xc0000005, EXCEPTION_ACCESS_VIOLATION (0xc0000005) at pc=0x00007ffad6801859]

GC Heap History (0 events):
No events

Deoptimization events (0 events):
No events

Classes loaded (0 events):
No events

Classes unloaded (0 events):
No events

Classes redefined (0 events):
No events

Internal exceptions (0 events):
No events

VM Operations (0 events):
No events

Events (1 events):
Event: 0.010 Loaded shared library C:\Program Files\Java\jdk-18.0.2\bin\java.dll


Dynamic libraries:
0x00007ff796be0000 - 0x00007ff796bf0000 	C:\Program Files\Java\jdk-18.0.2\bin\javaw.exe
0x00007ffb17e10000 - 0x00007ffb18008000 	C:\WINDOWS\SYSTEM32\ntdll.dll
0x00007ffb15ed0000 - 0x00007ffb15f8d000 	C:\WINDOWS\System32\KERNEL32.DLL
0x00007ffb155a0000 - 0x00007ffb1586e000 	C:\WINDOWS\System32\KERNELBASE.dll
0x00007ffb158c0000 - 0x00007ffb159c0000 	C:\WINDOWS\System32\ucrtbase.dll
0x00007ffb12d00000 - 0x00007ffb12d18000 	C:\Program Files\Java\jdk-18.0.2\bin\jli.dll
0x00007ffb0e8e0000 - 0x00007ffb0e8fa000 	C:\Program Files\Java\jdk-18.0.2\bin\VCRUNTIME140.dll
0x00007ffb16220000 - 0x00007ffb162ce000 	C:\WINDOWS\System32\ADVAPI32.dll
0x00007ffb16150000 - 0x00007ffb161ee000 	C:\WINDOWS\System32\msvcrt.dll
0x00007ffb17180000 - 0x00007ffb1721c000 	C:\WINDOWS\System32\sechost.dll
0x00007ffb173b0000 - 0x00007ffb174d5000 	C:\WINDOWS\System32\RPCRT4.dll
0x00007ffb15fb0000 - 0x00007ffb16150000 	C:\WINDOWS\System32\USER32.dll
0x00007ffb15aa0000 - 0x00007ffb15ac2000 	C:\WINDOWS\System32\win32u.dll
0x00007ffb161f0000 - 0x00007ffb1621a000 	C:\WINDOWS\System32\GDI32.dll
0x00007ffb15c30000 - 0x00007ffb15d3b000 	C:\WINDOWS\System32\gdi32full.dll
0x00007ffb15dd0000 - 0x00007ffb15e6d000 	C:\WINDOWS\System32\msvcp_win.dll
0x00007ffb02160000 - 0x00007ffb023fa000 	C:\WINDOWS\WinSxS\amd64_microsoft.windows.common-controls_6595b64144ccf1df_6.0.19041.1110_none_60b5254171f9507e\COMCTL32.dll
0x00007ffb0f290000 - 0x00007ffb0f29a000 	C:\WINDOWS\SYSTEM32\VERSION.dll
0x00007ffb17d20000 - 0x00007ffb17d50000 	C:\WINDOWS\System32\IMM32.DLL
0x00007ffb0dd90000 - 0x00007ffb0dd9c000 	C:\Program Files\Java\jdk-18.0.2\bin\vcruntime140_1.dll
0x00007ffb0bc90000 - 0x00007ffb0bd1d000 	C:\Program Files\Java\jdk-18.0.2\bin\msvcp140.dll
0x00007ffad6110000 - 0x00007ffad6d21000 	C:\Program Files\Java\jdk-18.0.2\bin\server\jvm.dll
0x00007ffb168e0000 - 0x00007ffb168e8000 	C:\WINDOWS\System32\PSAPI.DLL
0x00007ffb0b8e0000 - 0x00007ffb0b8e9000 	C:\WINDOWS\SYSTEM32\WSOCK32.dll
0x00007ffb07e90000 - 0x00007ffb07eb7000 	C:\WINDOWS\SYSTEM32\WINMM.dll
0x00007ffb17290000 - 0x00007ffb172fb000 	C:\WINDOWS\System32\WS2_32.dll
0x00007ffb13450000 - 0x00007ffb13462000 	C:\WINDOWS\SYSTEM32\kernel.appcore.dll
0x00007ffb0b590000 - 0x00007ffb0b59a000 	C:\Program Files\Java\jdk-18.0.2\bin\jimage.dll
0x00007ffb04430000 - 0x00007ffb04614000 	C:\WINDOWS\SYSTEM32\DBGHELP.DLL
0x00007ffafaaa0000 - 0x00007ffafaacc000 	C:\WINDOWS\SYSTEM32\dbgcore.DLL
0x00007ffb15d40000 - 0x00007ffb15dc2000 	C:\WINDOWS\System32\bcryptPrimitives.dll
0x00007ffad7360000 - 0x00007ffad7385000 	C:\Program Files\Java\jdk-18.0.2\bin\java.dll

dbghelp: loaded successfully - version: 4.0.5 - missing functions: none
symbol engine: initialized successfully - sym options: 0x614 - pdb path: .;C:\Program Files\Java\jdk-18.0.2\bin;C:\WINDOWS\SYSTEM32;C:\WINDOWS\WinSxS\amd64_microsoft.windows.common-controls_6595b64144ccf1df_6.0.19041.1110_none_60b5254171f9507e;C:\Program Files\Java\jdk-18.0.2\bin\server

VM Arguments:
jvm_args: -Dfile.encoding=UTF-8 -XX:+ShowCodeDetailsInExceptionMessages 
java_command: MutipleGame
java_class_path (initial): C:\Users\ckckc\OneDrive\πŸ≈¡ »≠∏È\JAVA\Practice
Launcher Type: SUN_STANDARD

[Global flags]
     intx CICompilerCount                          = 4                                         {product} {ergonomic}
     uint ConcGCThreads                            = 3                                         {product} {ergonomic}
     uint G1ConcRefinementThreads                  = 10                                        {product} {ergonomic}
   size_t G1HeapRegionSize                         = 2097152                                   {product} {ergonomic}
    uintx GCDrainStackTargetSize                   = 64                                        {product} {ergonomic}
   size_t InitialHeapSize                          = 268435456                                 {product} {ergonomic}
   size_t MarkStackSize                            = 4194304                                   {product} {ergonomic}
   size_t MaxHeapSize                              = 4280287232                                {product} {ergonomic}
   size_t MinHeapDeltaBytes                        = 2097152                                   {product} {ergonomic}
   size_t MinHeapSize                              = 8388608                                   {product} {ergonomic}
    uintx NonNMethodCodeHeapSize                   = 5839372                                {pd product} {ergonomic}
    uintx NonProfiledCodeHeapSize                  = 122909434                              {pd product} {ergonomic}
    uintx ProfiledCodeHeapSize                     = 122909434                              {pd product} {ergonomic}
    uintx ReservedCodeCacheSize                    = 251658240                              {pd product} {ergonomic}
     bool SegmentedCodeCache                       = true                                      {product} {ergonomic}
     bool ShowCodeDetailsInExceptionMessages       = true                                   {manageable} {command line}
   size_t SoftMaxHeapSize                          = 4280287232                             {manageable} {ergonomic}
     bool UseCompressedClassPointers               = true                           {product lp64_product} {ergonomic}
     bool UseCompressedOops                        = true                           {product lp64_product} {ergonomic}
     bool UseG1GC                                  = true                                      {product} {ergonomic}
     bool UseLargePagesIndividualAllocation        = false                                  {pd product} {ergonomic}

Logging:
Log output configuration:
 #0: stdout all=warning uptime,level,tags foldmultilines=false
 #1: stderr all=off uptime,level,tags foldmultilines=false

Environment Variables:
PATH=C:/Program Files/Java/jdk-18.0.2/bin/server;C:/Program Files/Java/jdk-18.0.2/bin;C:\Program Files\Common Files\Oracle\Java\javapath;D:\Program Files\Python39\Scripts\;D:\Program Files\Python39\;C:\Program Files (x86)\NAT Service;C:\Windows\system32;C:\Windows;C:\Windows\System32\Wbem;C:\Windows\System32\WindowsPowerShell\v1.0\;C:\Windows\System32\OpenSSH\;C:\Program Files\NVIDIA Corporation\NVIDIA NvDLISR;C:\Program Files (x86)\NVIDIA Corporation\PhysX\Common;C:\WINDOWS\system32;C:\WINDOWS;C:\WINDOWS\System32\Wbem;C:\WINDOWS\System32\WindowsPowerShell\v1.0\;C:\WINDOWS\System32\OpenSSH\;D:\Python39\Scripts\;D:\Python39\;C:\Users\ckckc\AppData\Local\Microsoft\WindowsApps;D:\Microsoft VS Code\bin;;D:\JetBrains\PyCharm Community Edition 2021.2.1\bin;;C:\Users\ckckc\OneDrive\πŸ≈¡ »≠∏È;
USERNAME=ckckc
OS=Windows_NT
PROCESSOR_IDENTIFIER=Intel64 Family 6 Model 165 Stepping 5, GenuineIntel



---------------  S Y S T E M  ---------------

OS:
 Windows 10 , 64 bit Build 19041 (10.0.19041.1889)
OS uptime: 13 days 4:28 hours

CPU: total 12 (initial active 12) (6 cores per cpu, 2 threads per core) family 6 model 165 stepping 5 microcode 0xca, cx8, cmov, fxsr, ht, mmx, 3dnowpref, sse, sse2, sse3, ssse3, sse4.1, sse4.2, popcnt, lzcnt, tsc, tscinvbit, avx, avx2, aes, erms, clmul, bmi1, bmi2, adx, fma, vzeroupper, clflush, clflushopt

Memory: 4k page, system-wide physical 16322M (9831M free)
TotalPageFile size 31436M (AvailPageFile size 126M)
current process WorkingSet (physical memory assigned to process): 10M, peak: 10M
current process commit charge ("private bytes"): 64M, peak: 320M

vm_info: Java HotSpot(TM) 64-Bit Server VM (18.0.2+9-61) for windows-amd64 JRE (18.0.2+9-61), built on Jun  7 2022 13:09:01 by "mach5one" with MS VC++ 16.8 / 16.9 (VS2019)

END.
